\BOOKMARK [0][-]{chapter.1}{\376\377\000W\000e\000e\000k\000\040\0001}{}% 1
\BOOKMARK [1][-]{section.1.1}{\376\377\000F\000r\000a\000m\000e\000d\000\040\000t\000h\000e\000\040\000a\000b\000s\000t\000r\000a\000c\000t}{chapter.1}% 2
\BOOKMARK [1][-]{section.1.2}{\376\377\000B\000a\000s\000i\000c\000\040\000w\000o\000r\000k\000i\000n\000g}{chapter.1}% 3
\BOOKMARK [0][-]{chapter.2}{\376\377\000W\000e\000e\000k\000\040\0002}{}% 4
\BOOKMARK [1][-]{section.2.1}{\376\377\000P\000r\000o\000p\000o\000s\000e\000d\000\040\000t\000h\000e\000\040\000M\000o\000d\000u\000l\000e\000s}{chapter.2}% 5
\BOOKMARK [1][-]{section.2.2}{\376\377\000B\000a\000s\000i\000c\000\040\000h\000u\000m\000a\000n\000\040\000r\000e\000c\000o\000g\000n\000i\000t\000i\000o\000n\000\040\000d\000o\000n\000e}{chapter.2}% 6
\BOOKMARK [0][-]{chapter.3}{\376\377\000W\000e\000e\000k\000\040\0003}{}% 7
\BOOKMARK [1][-]{section.3.1}{\376\377\000D\000e\000t\000e\000c\000t\000i\000o\000n\000\040\000o\000f\000\040\000p\000r\000e\000s\000e\000n\000c\000e\000\040\000o\000f\000\040\000f\000a\000c\000e\000\050\000s\000\051}{chapter.3}% 8
\BOOKMARK [1][-]{section.3.2}{\376\377\000I\000d\000e\000n\000t\000i\000f\000i\000c\000a\000t\000i\000o\000n\000\040\000o\000f\000\040\000p\000e\000r\000s\000o\000n\000\050\000s\000\051}{chapter.3}% 9
\BOOKMARK [0][-]{chapter.4}{\376\377\000W\000e\000e\000k\000\040\0004}{}% 10
\BOOKMARK [1][-]{section.4.1}{\376\377\000B\000a\000s\000i\000c\000\040\000i\000n\000t\000e\000r\000f\000a\000c\000e\000\040\000a\000n\000d\000\040\000e\000n\000v\000i\000r\000o\000n\000m\000e\000n\000t\000\040\000s\000e\000t\000u\000p}{chapter.4}% 11
\BOOKMARK [1][-]{section.4.2}{\376\377\000D\000e\000b\000u\000g\000g\000i\000n\000g\000\040\000a\000n\000d\000\040\000o\000p\000t\000i\000m\000i\000z\000a\000t\000i\000o\000n\000\040\000o\000f\000\040\000c\000o\000d\000e}{chapter.4}% 12
\BOOKMARK [1][-]{section.4.3}{\376\377\000D\000a\000t\000a\000b\000a\000s\000e\000\040\000a\000n\000d\000\040\000M\000a\000n\000a\000g\000e\000m\000e\000n\000t}{chapter.4}% 13
\BOOKMARK [0][-]{chapter.5}{\376\377\000W\000e\000e\000k\000\040\0005}{}% 14
\BOOKMARK [1][-]{section.5.1}{\376\377\000B\000a\000c\000k\000e\000n\000d\000\040\000f\000o\000r\000\040\000f\000a\000c\000i\000a\000l\000\040\000r\000e\000c\000o\000g\000n\000i\000t\000i\000o\000n\000\040\000d\000o\000n\000e}{chapter.5}% 15
\BOOKMARK [1][-]{section.5.2}{\376\377\000S\000t\000o\000r\000a\000g\000e\000\040\000o\000f\000\040\000d\000a\000t\000a\000\040\000i\000n\000\040\000F\000i\000r\000e\000b\000a\000s\000e}{chapter.5}% 16
\BOOKMARK [1][-]{section.5.3}{\376\377\000U\000I\000\040\000E\000n\000h\000a\000n\000c\000e\000m\000e\000n\000t\000s}{chapter.5}% 17
\BOOKMARK [0][-]{chapter.6}{\376\377\000W\000e\000e\000k\000\040\0006}{}% 18
\BOOKMARK [1][-]{section.6.1}{\376\377\000F\000i\000r\000e\000b\000a\000s\000e\000\040\000f\000o\000r\000\040\000F\000a\000c\000i\000a\000l\000\040\000R\000e\000c\000o\000g\000n\000i\000t\000i\000o\000n\000\040\000d\000o\000n\000e}{chapter.6}% 19
\BOOKMARK [1][-]{section.6.2}{\376\377\000S\000t\000a\000r\000t\000e\000d\000\040\000a\000t\000t\000e\000n\000d\000a\000n\000c\000e\000\040\000m\000a\000n\000a\000g\000e\000m\000e\000n\000t\000\040\000m\000o\000d\000u\000l\000e\000\050\000U\000I\000\051}{chapter.6}% 20
\BOOKMARK [1][-]{section.6.3}{\376\377\000S\000t\000a\000r\000t\000e\000d\000\040\000a\000t\000t\000e\000n\000d\000a\000n\000c\000e\000\040\000m\000a\000n\000a\000g\000e\000m\000e\000n\000t\000\040\000m\000o\000d\000u\000l\000e\000\050\000B\000a\000c\000k\000e\000n\000d\000\051}{chapter.6}% 21
\BOOKMARK [0][-]{chapter.7}{\376\377\000W\000e\000e\000k\000\040\0007}{}% 22
\BOOKMARK [1][-]{section.7.1}{\376\377\000D\000e\000v\000e\000l\000o\000p\000e\000d\000\040\000D\000a\000s\000h\000b\000o\000a\000r\000d\000\040\000U\000I}{chapter.7}% 23
\BOOKMARK [1][-]{section.7.2}{\376\377\000D\000e\000v\000e\000l\000o\000p\000e\000d\000\040\000U\000s\000e\000r\000\040\000P\000r\000o\000f\000i\000l\000e\000\040\000M\000o\000d\000u\000l\000e}{chapter.7}% 24
\BOOKMARK [1][-]{section.7.3}{\376\377\000D\000e\000v\000e\000l\000o\000p\000e\000d\000\040\000A\000t\000t\000e\000n\000d\000a\000n\000c\000e\000\040\000M\000o\000d\000u\000l\000e}{chapter.7}% 25
\BOOKMARK [0][-]{chapter.8}{\376\377\000W\000e\000e\000k\000\040\0008}{}% 26
\BOOKMARK [1][-]{section.8.1}{\376\377\000C\000l\000a\000s\000s\000\040\000M\000a\000n\000a\000g\000e\000m\000e\000n\000t\000\040\000M\000o\000d\000u\000l\000e\000\040\000D\000e\000v\000e\000l\000o\000p\000m\000e\000n\000t\000\040\000S\000t\000a\000r\000t\000e\000d}{chapter.8}% 27
\BOOKMARK [1][-]{section.8.2}{\376\377\000T\000e\000a\000c\000h\000e\000r\000\040\000a\000n\000d\000\040\000S\000t\000u\000d\000e\000n\000t\000\040\000M\000a\000n\000a\000g\000e\000m\000e\000n\000t\000\040\000M\000o\000d\000u\000l\000e\000\040\000D\000e\000v\000e\000l\000o\000p\000m\000e\000n\000t\000\040\000S\000t\000a\000r\000t\000e\000d}{chapter.8}% 28
\BOOKMARK [1][-]{section.8.3}{\376\377\000I\000m\000p\000l\000e\000m\000e\000n\000t\000e\000d\000\040\000R\000o\000l\000e\000-\000B\000a\000s\000e\000d\000\040\000A\000c\000c\000e\000s\000s\000\040\000C\000o\000n\000t\000r\000o\000l}{chapter.8}% 29
\BOOKMARK [0][-]{chapter.9}{\376\377\000W\000e\000e\000k\000\040\0009}{}% 30
\BOOKMARK [1][-]{section.9.1}{\376\377\000B\000a\000c\000k\000e\000n\000d\000\040\000D\000e\000v\000e\000l\000o\000p\000m\000e\000n\000t\000\040\000S\000t\000a\000r\000t\000e\000d}{chapter.9}% 31
\BOOKMARK [1][-]{section.9.2}{\376\377\000R\000e\000c\000o\000g\000n\000i\000t\000i\000o\000n\000\040\000A\000P\000I\000\040\000C\000r\000e\000a\000t\000e\000d}{chapter.9}% 32
\BOOKMARK [0][-]{chapter.10}{\376\377\000W\000e\000e\000k\000\040\0001\0000}{}% 33
\BOOKMARK [1][-]{section.10.1}{\376\377\000U\000s\000e\000r\000\040\000D\000e\000l\000e\000t\000i\000o\000n\000\040\000A\000P\000I\000\040\000C\000r\000e\000a\000t\000e\000d}{chapter.10}% 34
\BOOKMARK [1][-]{section.10.2}{\376\377\000I\000n\000t\000e\000g\000r\000a\000t\000e\000d\000\040\000F\000i\000r\000e\000b\000a\000s\000e\000\040\000w\000i\000t\000h\000\040\000B\000a\000c\000k\000e\000n\000d}{chapter.10}% 35
\BOOKMARK [0][-]{chapter.11}{\376\377\000W\000e\000e\000k\000\040\0001\0001}{}% 36
\BOOKMARK [1][-]{section.11.1}{\376\377\000I\000n\000t\000e\000g\000r\000a\000t\000i\000n\000g\000\040\000A\000P\000I\000\040\000a\000n\000d\000\040\000T\000e\000s\000t\000i\000n\000g}{chapter.11}% 37
\BOOKMARK [1][-]{section.11.2}{\376\377\000B\000u\000g\000\040\000F\000i\000x\000i\000n\000g\000\040\000a\000n\000d\000\040\000R\000e\000v\000i\000e\000w}{chapter.11}% 38
\BOOKMARK [0][-]{chapter.12}{\376\377\000W\000e\000e\000k\000\040\0001\0002}{}% 39
\BOOKMARK [1][-]{section.12.1}{\376\377\000I\000n\000t\000e\000g\000r\000a\000t\000e\000d\000\040\000t\000h\000e\000\040\000F\000r\000o\000n\000t\000e\000n\000d\000\040\000a\000n\000d\000\040\000B\000a\000c\000k\000e\000n\000d}{chapter.12}% 40
\BOOKMARK [1][-]{section.12.2}{\376\377\000P\000e\000r\000f\000o\000r\000m\000e\000d\000\040\000T\000e\000s\000t\000i\000n\000g\000\040\000a\000n\000d\000\040\000B\000u\000g\000\040\000F\000i\000x\000e\000s}{chapter.12}% 41
